<?xml version="1.0" encoding="UTF-8"?>
<!-- Generated by org.testng.reporters.JUnitXMLReporter -->
<testsuite ignored="3" hostname="MY-PC" failures="0" tests="0" time="0.01" errors="0" timestamp="2021-12-26T14:44:34 IST">
  <testcase classname="com.crm.autodeskorgtest.OrgTestJavaTestNg" name="CreateOrgTest" time="0.0">
    <ignored/>
  </testcase> <!-- CreateOrgTest -->
  <testcase classname="com.crm.contactTestcase1.ContactTestCaseTestNg" name="ContactTestcaseTest" time="0.0">
    <ignored/>
  </testcase> <!-- ContactTestcaseTest -->
  <testcase classname="com.vitger.comcast.genericutility.BaseClass" name="@AfterSuite closeDBconnection" time="0.0">
    <ignored/>
  </testcase> <!-- @AfterSuite closeDBconnection -->
</testsuite>
